<?xml version="1.0" encoding="UTF-8"?>
<!-- Generated by org.testng.reporters.JUnitReportReporter -->
<testsuite hostname="ROHABISH-IN" failures="0" tests="1" name="selenium.ValidatingNavigationBar" time="0.395" errors="0" timestamp="01 Nov 2020 13:54:46 GMT" skipped="0">
  <testcase classname="selenium.ValidatingNavigationBar" name="basePageNavigation" time="0.395"/>
</testsuite> <!-- selenium.ValidatingNavigationBar -->
