<?xml version="1.0" encoding="UTF-8"?>
<!-- Generated by org.testng.reporters.JUnitReportReporter -->
<testsuite hostname="ROHABISH-IN" failures="0" tests="2" name="selenium.HomePage" time="11.849" errors="0" timestamp="01 Nov 2020 13:54:45 GMT" skipped="0">
  <testcase classname="selenium.HomePage" name="basePageNavigation" time="4.044"/>
  <testcase classname="selenium.HomePage" name="basePageNavigation" time="7.805"/>
</testsuite> <!-- selenium.HomePage -->
